<?xml version="1.0" encoding="UTF-8"?>
<testsuite name="com.nerv828.functional.rest.TaskRestFT" time="1.585" tests="4" errors="0" skipped="0" failures="0">
  <properties>
[...]
</properties>
  <testcase name="createUpdateAndDeleteTask" classname="com.nerv828.functional.rest.TaskRestFT" time="1.352"/>
  <testcase name="listTasks" classname="com.nerv828.functional.rest.TaskRestFT" time="0.081"/>
  <testcase name="getTask" classname="com.nerv828.functional.rest.TaskRestFT" time="0.031"/>
  <testcase name="invalidInput" classname="com.nerv828.functional.rest.TaskRestFT" time="0.121"/>
</testsuite>